2026-02-02 22:08:42,807 - [INFO] - (HotkeyServer): Iniciando servidor de hotkeys...
2026-02-02 22:08:42,858 - [INFO] - (HotkeyServer): Librería 'keyboard' cargada dinámicamente.
2026-02-02 22:08:42,963 - [INFO] - (HotkeyServer): Global keyboard hook installed.
2026-02-02 22:08:42,963 - [INFO] - (HotkeyServer): Hotkey de pulsación registrada para 'f1'.
2026-02-02 22:08:42,963 - [INFO] - (HotkeyServer): Hotkey de pulsación registrada para 'f2'.
2026-02-02 22:08:42,963 - [INFO] - (HotkeyServer): Hotkey de pulsación registrada para 'f3'.
2026-02-02 22:08:42,963 - [INFO] - (HotkeyServer): Hotkey de pulsación registrada para 'f4'.
2026-02-02 22:08:42,963 - [INFO] - (HotkeyServer): Hotkey de pulsación registrada para 'delete'.
2026-02-02 22:08:42,963 - [INFO] - (HotkeyServer): Hotkey de liberación registrada para 'f3'.
2026-02-02 22:08:42,963 - [INFO] - (HotkeyServer): Hotkey de liberación registrada para 'f4'.
2026-02-02 22:08:42,963 - [INFO] - (HotkeyServer): Todas las hotkeys han sido registradas en modo de supresión individual.
2026-02-02 22:08:42,969 - [INFO] - (HotkeyServer): Servidor escuchando en localhost:6000
2026-02-02 22:08:42,969 - [INFO] - (HotkeyServer): Esperando conexión de la UI...
2026-02-02 22:08:43,227 - [INFO] - (HotkeyServer): ¡UI conectada desde ('127.0.0.1', 54073)!
2026-02-02 22:08:44,169 - [INFO] - (HotkeyServer): Mensaje recibido de la UI: {'status': 'media_unloaded'}
2026-02-02 22:08:44,169 - [INFO] - (HotkeyServer): Medio descargado de la UI. Hotkeys de reproducción desactivadas.
2026-02-02 22:08:45,799 - [INFO] - (HotkeyServer): Mensaje recibido de la UI: {'status': 'ui_closing'}
2026-02-02 22:08:45,799 - [INFO] - (HotkeyServer): La UI ha notificado el cierre. Terminando servidor.
2026-02-02 22:08:45,799 - [INFO] - (HotkeyServer): Todas las hotkeys globales han sido detenidas y liberadas.
2026-02-02 22:08:45,799 - [INFO] - (HotkeyServer): Servidor de hotkeys detenido.
